<?xml version="1.0" encoding="UTF-8"?>
<testsuite name="KnightOfKingdom.AppTest" tests="5" skipped="0" failures="0" errors="0" timestamp="2020-11-24T17:05:21" hostname="SURFACE_PRO7_FE" time="0.047">
  <properties/>
  <testcase name="[1] a1, 2" classname="KnightOfKingdom.AppTest" time="0.038"/>
  <testcase name="[2] h2, 3" classname="KnightOfKingdom.AppTest" time="0.0"/>
  <testcase name="[3] b7, 4" classname="KnightOfKingdom.AppTest" time="0.001"/>
  <testcase name="[4] g3, 6" classname="KnightOfKingdom.AppTest" time="0.001"/>
  <testcase name="[5] e5, 8" classname="KnightOfKingdom.AppTest" time="0.0"/>
  <system-out><![CDATA[]]></system-out>
  <system-err><![CDATA[]]></system-err>
</testsuite>
